Analysis & Synthesis report for UAZHL
Sun Dec 04 15:31:21 2022
Quartus II Version 9.1 Build 350 03/24/2010 Service Pack 2 SJ Web Edition


---------------------
; Table of Contents ;
---------------------
  1. Legal Notice
  2. Analysis & Synthesis Summary
  3. Analysis & Synthesis Settings
  4. Parallel Compilation
  5. Analysis & Synthesis Source Files Read
  6. Analysis & Synthesis Resource Usage Summary
  7. Analysis & Synthesis Resource Utilization by Entity
  8. User-Specified and Inferred Latches
  9. General Register Statistics
 10. Source assignments for OA1:inst|lpm_counter0:inst4|lpm_counter:lpm_counter_component
 11. Parameter Settings for User Entity Instance: UA:inst1|lpm_decode0:inst18|lpm_decode:lpm_decode_component
 12. Parameter Settings for User Entity Instance: OA1:inst|lpm_counter0:inst4|lpm_counter:lpm_counter_component
 13. Parameter Settings for User Entity Instance: OA1:inst|lpm_constant0:inst12|lpm_constant:lpm_constant_component
 14. Parameter Settings for User Entity Instance: OA1:inst|lpm_shiftreg0:inst3|lpm_shiftreg:lpm_shiftreg_component
 15. Parameter Settings for User Entity Instance: OA1:inst|lpm_add_sub0:inst2|lpm_add_sub:lpm_add_sub_component
 16. Parameter Settings for User Entity Instance: OA1:inst|lpm_latch0:inst|lpm_latch:lpm_latch_component
 17. Parameter Settings for User Entity Instance: OA1:inst|lpm_shiftreg0:inst1|lpm_shiftreg:lpm_shiftreg_component
 18. lpm_shiftreg Parameter Settings by Entity Instance
 19. Analysis & Synthesis Messages



----------------
; Legal Notice ;
----------------
Copyright (C) 1991-2010 Altera Corporation
Your use of Altera Corporation's design tools, logic functions 
and other software and tools, and its AMPP partner logic 
functions, and any output files from any of the foregoing 
(including device programming or simulation files), and any 
associated documentation or information are expressly subject 
to the terms and conditions of the Altera Program License 
Subscription Agreement, Altera MegaCore Function License 
Agreement, or other applicable license agreement, including, 
without limitation, that your use is for the sole purpose of 
programming logic devices manufactured by Altera and sold by 
Altera or its authorized distributors.  Please refer to the 
applicable agreement for further details.



+------------------------------------------------------------------------------+
; Analysis & Synthesis Summary                                                 ;
+-------------------------------+----------------------------------------------+
; Analysis & Synthesis Status   ; Successful - Sun Dec 04 15:31:21 2022        ;
; Quartus II Version            ; 9.1 Build 350 03/24/2010 SP 2 SJ Web Edition ;
; Revision Name                 ; UAZHL                                        ;
; Top-level Entity Name         ; FSM                                          ;
; Family                        ; Stratix II                                   ;
; Logic utilization             ; N/A                                          ;
;     Combinational ALUTs       ; 22                                           ;
;     Dedicated logic registers ; 13                                           ;
; Total registers               ; 13                                           ;
; Total pins                    ; 19                                           ;
; Total virtual pins            ; 0                                            ;
; Total block memory bits       ; 0                                            ;
; DSP block 9-bit elements      ; 0                                            ;
; Total PLLs                    ; 0                                            ;
; Total DLLs                    ; 0                                            ;
+-------------------------------+----------------------------------------------+


+----------------------------------------------------------------------------------------------------------------------+
; Analysis & Synthesis Settings                                                                                        ;
+----------------------------------------------------------------------------+--------------------+--------------------+
; Option                                                                     ; Setting            ; Default Value      ;
+----------------------------------------------------------------------------+--------------------+--------------------+
; Top-level entity name                                                      ; FSM                ; UAZHL              ;
; Family name                                                                ; Stratix II         ; Stratix II         ;
; Use Generated Physical Constraints File                                    ; Off                ;                    ;
; Use smart compilation                                                      ; Off                ; Off                ;
; Enable parallel Assembler and TimeQuest Timing Analyzer during compilation ; On                 ; On                 ;
; Enable compact report table                                                ; Off                ; Off                ;
; Restructure Multiplexers                                                   ; Auto               ; Auto               ;
; Create Debugging Nodes for IP Cores                                        ; Off                ; Off                ;
; Preserve fewer node names                                                  ; On                 ; On                 ;
; Disable OpenCore Plus hardware evaluation                                  ; Off                ; Off                ;
; Verilog Version                                                            ; Verilog_2001       ; Verilog_2001       ;
; VHDL Version                                                               ; VHDL_1993          ; VHDL_1993          ;
; State Machine Processing                                                   ; Auto               ; Auto               ;
; Safe State Machine                                                         ; Off                ; Off                ;
; Extract Verilog State Machines                                             ; On                 ; On                 ;
; Extract VHDL State Machines                                                ; On                 ; On                 ;
; Ignore Verilog initial constructs                                          ; Off                ; Off                ;
; Iteration limit for constant Verilog loops                                 ; 5000               ; 5000               ;
; Iteration limit for non-constant Verilog loops                             ; 250                ; 250                ;
; Add Pass-Through Logic to Inferred RAMs                                    ; On                 ; On                 ;
; Parallel Synthesis                                                         ; On                 ; On                 ;
; DSP Block Balancing                                                        ; Auto               ; Auto               ;
; NOT Gate Push-Back                                                         ; On                 ; On                 ;
; Power-Up Don't Care                                                        ; On                 ; On                 ;
; Remove Redundant Logic Cells                                               ; Off                ; Off                ;
; Remove Duplicate Registers                                                 ; On                 ; On                 ;
; Ignore CARRY Buffers                                                       ; Off                ; Off                ;
; Ignore CASCADE Buffers                                                     ; Off                ; Off                ;
; Ignore GLOBAL Buffers                                                      ; Off                ; Off                ;
; Ignore ROW GLOBAL Buffers                                                  ; Off                ; Off                ;
; Ignore LCELL Buffers                                                       ; Off                ; Off                ;
; Ignore SOFT Buffers                                                        ; On                 ; On                 ;
; Limit AHDL Integers to 32 Bits                                             ; Off                ; Off                ;
; Optimization Technique                                                     ; Balanced           ; Balanced           ;
; Carry Chain Length                                                         ; 70                 ; 70                 ;
; Auto Carry Chains                                                          ; On                 ; On                 ;
; Auto Open-Drain Pins                                                       ; On                 ; On                 ;
; Perform WYSIWYG Primitive Resynthesis                                      ; Off                ; Off                ;
; Auto ROM Replacement                                                       ; On                 ; On                 ;
; Auto RAM Replacement                                                       ; On                 ; On                 ;
; Auto DSP Block Replacement                                                 ; On                 ; On                 ;
; Auto Shift Register Replacement                                            ; Auto               ; Auto               ;
; Auto Clock Enable Replacement                                              ; On                 ; On                 ;
; Strict RAM Replacement                                                     ; Off                ; Off                ;
; Allow Synchronous Control Signals                                          ; On                 ; On                 ;
; Force Use of Synchronous Clear Signals                                     ; Off                ; Off                ;
; Auto RAM Block Balancing                                                   ; On                 ; On                 ;
; Auto RAM to Logic Cell Conversion                                          ; Off                ; Off                ;
; Auto Resource Sharing                                                      ; Off                ; Off                ;
; Allow Any RAM Size For Recognition                                         ; Off                ; Off                ;
; Allow Any ROM Size For Recognition                                         ; Off                ; Off                ;
; Allow Any Shift Register Size For Recognition                              ; Off                ; Off                ;
; Use LogicLock Constraints during Resource Balancing                        ; On                 ; On                 ;
; Ignore translate_off and synthesis_off directives                          ; Off                ; Off                ;
; Timing-Driven Synthesis                                                    ; Off                ; Off                ;
; Show Parameter Settings Tables in Synthesis Report                         ; On                 ; On                 ;
; Ignore Maximum Fan-Out Assignments                                         ; Off                ; Off                ;
; Synchronization Register Chain Length                                      ; 2                  ; 2                  ;
; PowerPlay Power Optimization                                               ; Normal compilation ; Normal compilation ;
; HDL message level                                                          ; Level2             ; Level2             ;
; Suppress Register Optimization Related Messages                            ; Off                ; Off                ;
; Number of Removed Registers Reported in Synthesis Report                   ; 5000               ; 5000               ;
; Number of Inverted Registers Reported in Synthesis Report                  ; 100                ; 100                ;
; Clock MUX Protection                                                       ; On                 ; On                 ;
; Auto Gated Clock Conversion                                                ; Off                ; Off                ;
; Block Design Naming                                                        ; Auto               ; Auto               ;
; SDC constraint protection                                                  ; Off                ; Off                ;
; Synthesis Effort                                                           ; Auto               ; Auto               ;
; Shift Register Replacement - Allow Asynchronous Clear Signal               ; On                 ; On                 ;
; Analysis & Synthesis Message Level                                         ; Medium             ; Medium             ;
; Disable Register Merging Across Hierarchies                                ; Auto               ; Auto               ;
; Resource Aware Inference For Block RAM                                     ; On                 ; On                 ;
+----------------------------------------------------------------------------+--------------------+--------------------+


Parallel compilation was disabled, but you have multiple processors available. Enable parallel compilation to reduce compilation time.
+-------------------------------------+
; Parallel Compilation                ;
+----------------------------+--------+
; Processors                 ; Number ;
+----------------------------+--------+
; Number detected on machine ; 6      ;
; Maximum allowed            ; 1      ;
+----------------------------+--------+


+------------------------------------------------------------------------------------------------------------------------------------------------------------+
; Analysis & Synthesis Source Files Read                                                                                                                     ;
+----------------------------------+-----------------+------------------------------------+------------------------------------------------------------------+
; File Name with User-Entered Path ; Used in Netlist ; File Type                          ; File Name with Absolute Path                                     ;
+----------------------------------+-----------------+------------------------------------+------------------------------------------------------------------+
; OA1.bdf                          ; yes             ; User Block Diagram/Schematic File  ; D:/FileSet/GitLabs/AT/lab2_TA_B/OA1.bdf                          ;
; UA.bdf                           ; yes             ; User Block Diagram/Schematic File  ; D:/FileSet/GitLabs/AT/lab2_TA_B/UA.bdf                           ;
; FSM.bdf                          ; yes             ; User Block Diagram/Schematic File  ; D:/FileSet/GitLabs/AT/lab2_TA_B/FSM.bdf                          ;
; lpm_decode0.tdf                  ; yes             ; Auto-Found Wizard-Generated File   ; D:/FileSet/GitLabs/AT/lab2_TA_B/lpm_decode0.tdf                  ;
; lpm_decode.inc                   ; yes             ; Megafunction                       ; c:/altera/91sp2/quartus/libraries/megafunctions/lpm_decode.inc   ;
; lpm_decode.tdf                   ; yes             ; Megafunction                       ; c:/altera/91sp2/quartus/libraries/megafunctions/lpm_decode.tdf   ;
; lpm_constant.inc                 ; yes             ; Megafunction                       ; c:/altera/91sp2/quartus/libraries/megafunctions/lpm_constant.inc ;
; db/decode_p7f.tdf                ; yes             ; Auto-Generated Megafunction        ; D:/FileSet/GitLabs/AT/lab2_TA_B/db/decode_p7f.tdf                ;
; lpm_counter0.tdf                 ; yes             ; Auto-Found Wizard-Generated File   ; D:/FileSet/GitLabs/AT/lab2_TA_B/lpm_counter0.tdf                 ;
; lpm_counter.inc                  ; yes             ; Megafunction                       ; c:/altera/91sp2/quartus/libraries/megafunctions/lpm_counter.inc  ;
; lpm_counter.tdf                  ; yes             ; Megafunction                       ; c:/altera/91sp2/quartus/libraries/megafunctions/lpm_counter.tdf  ;
; lpm_add_sub.inc                  ; yes             ; Megafunction                       ; c:/altera/91sp2/quartus/libraries/megafunctions/lpm_add_sub.inc  ;
; db/cntr_t9j.tdf                  ; yes             ; Auto-Generated Megafunction        ; D:/FileSet/GitLabs/AT/lab2_TA_B/db/cntr_t9j.tdf                  ;
; lpm_constant0.tdf                ; yes             ; Auto-Found Wizard-Generated File   ; D:/FileSet/GitLabs/AT/lab2_TA_B/lpm_constant0.tdf                ;
; lpm_constant.tdf                 ; yes             ; Megafunction                       ; c:/altera/91sp2/quartus/libraries/megafunctions/lpm_constant.tdf ;
; lpm_shiftreg0.tdf                ; yes             ; Auto-Found Wizard-Generated File   ; D:/FileSet/GitLabs/AT/lab2_TA_B/lpm_shiftreg0.tdf                ;
; lpm_shiftreg.inc                 ; yes             ; Auto-Found AHDL File               ; c:/altera/91sp2/quartus/libraries/megafunctions/lpm_shiftreg.inc ;
; lpm_shiftreg.tdf                 ; yes             ; Megafunction                       ; c:/altera/91sp2/quartus/libraries/megafunctions/lpm_shiftreg.tdf ;
; lpm_add_sub0.tdf                 ; yes             ; Auto-Found Wizard-Generated File   ; D:/FileSet/GitLabs/AT/lab2_TA_B/lpm_add_sub0.tdf                 ;
; lpm_add_sub.tdf                  ; yes             ; Megafunction                       ; c:/altera/91sp2/quartus/libraries/megafunctions/lpm_add_sub.tdf  ;
; db/add_sub_alh.tdf               ; yes             ; Auto-Generated Megafunction        ; D:/FileSet/GitLabs/AT/lab2_TA_B/db/add_sub_alh.tdf               ;
; lpm_latch0.tdf                   ; yes             ; Auto-Found Wizard-Generated File   ; D:/FileSet/GitLabs/AT/lab2_TA_B/lpm_latch0.tdf                   ;
; lpm_latch.inc                    ; yes             ; Auto-Found AHDL File               ; c:/altera/91sp2/quartus/libraries/megafunctions/lpm_latch.inc    ;
; lpm_latch.tdf                    ; yes             ; Megafunction                       ; c:/altera/91sp2/quartus/libraries/megafunctions/lpm_latch.tdf    ;
+----------------------------------+-----------------+------------------------------------+------------------------------------------------------------------+


+-----------------------------------------------------------------+
; Analysis & Synthesis Resource Usage Summary                     ;
+-----------------------------------------------+-----------------+
; Resource                                      ; Usage           ;
+-----------------------------------------------+-----------------+
; Estimated ALUTs Used                          ; 22              ;
; Dedicated logic registers                     ; 13              ;
;                                               ;                 ;
; Estimated ALUTs Unavailable                   ; 1               ;
;                                               ;                 ;
; Total combinational functions                 ; 22              ;
; Combinational ALUT usage by number of inputs  ;                 ;
;     -- 7 input functions                      ; 1               ;
;     -- 6 input functions                      ; 0               ;
;     -- 5 input functions                      ; 1               ;
;     -- 4 input functions                      ; 4               ;
;     -- <=3 input functions                    ; 16              ;
;                                               ;                 ;
; Combinational ALUTs by mode                   ;                 ;
;     -- normal mode                            ; 14              ;
;     -- extended LUT mode                      ; 1               ;
;     -- arithmetic mode                        ; 7               ;
;     -- shared arithmetic mode                 ; 0               ;
;                                               ;                 ;
; Estimated ALUT/register pairs used            ; 23              ;
;                                               ;                 ;
; Total registers                               ; 13              ;
;     -- Dedicated logic registers              ; 13              ;
;     -- I/O registers                          ; 0               ;
;                                               ;                 ;
; Estimated ALMs:  partially or completely used ; 12              ;
;                                               ;                 ;
; I/O pins                                      ; 19              ;
; Maximum fan-out node                          ; UA:inst1|inst17 ;
; Maximum fan-out                               ; 16              ;
; Total fan-out                                 ; 122             ;
; Average fan-out                               ; 2.26            ;
+-----------------------------------------------+-----------------+


+---------------------------------------------------------------------------------------------------------------------------------------------------------------------------------------------------------------------------------------------------------------------------------------------+
; Analysis & Synthesis Resource Utilization by Entity                                                                                                                                                                                                                                         ;
+------------------------------------------------+-------------------+--------------+-------------------+--------------+---------+-----------+-----------+------+--------------+-----------------------------------------------------------------------------------------------+--------------+
; Compilation Hierarchy Node                     ; LC Combinationals ; LC Registers ; Block Memory Bits ; DSP Elements ; DSP 9x9 ; DSP 18x18 ; DSP 36x36 ; Pins ; Virtual Pins ; Full Hierarchy Name                                                                           ; Library Name ;
+------------------------------------------------+-------------------+--------------+-------------------+--------------+---------+-----------+-----------+------+--------------+-----------------------------------------------------------------------------------------------+--------------+
; |FSM                                           ; 22 (1)            ; 13 (0)       ; 0                 ; 0            ; 0       ; 0         ; 0         ; 19   ; 0            ; |FSM                                                                                          ; work         ;
;    |OA1:inst|                                  ; 15 (0)            ; 11 (0)       ; 0                 ; 0            ; 0       ; 0         ; 0         ; 0    ; 0            ; |FSM|OA1:inst                                                                                 ; work         ;
;       |lpm_add_sub0:inst2|                     ; 4 (0)             ; 0 (0)        ; 0                 ; 0            ; 0       ; 0         ; 0         ; 0    ; 0            ; |FSM|OA1:inst|lpm_add_sub0:inst2                                                              ; work         ;
;          |lpm_add_sub:lpm_add_sub_component|   ; 4 (0)             ; 0 (0)        ; 0                 ; 0            ; 0       ; 0         ; 0         ; 0    ; 0            ; |FSM|OA1:inst|lpm_add_sub0:inst2|lpm_add_sub:lpm_add_sub_component                            ; work         ;
;             |add_sub_alh:auto_generated|       ; 4 (4)             ; 0 (0)        ; 0                 ; 0            ; 0       ; 0         ; 0         ; 0    ; 0            ; |FSM|OA1:inst|lpm_add_sub0:inst2|lpm_add_sub:lpm_add_sub_component|add_sub_alh:auto_generated ; work         ;
;       |lpm_counter0:inst4|                     ; 3 (0)             ; 3 (0)        ; 0                 ; 0            ; 0       ; 0         ; 0         ; 0    ; 0            ; |FSM|OA1:inst|lpm_counter0:inst4                                                              ; work         ;
;          |lpm_counter:lpm_counter_component|   ; 3 (0)             ; 3 (0)        ; 0                 ; 0            ; 0       ; 0         ; 0         ; 0    ; 0            ; |FSM|OA1:inst|lpm_counter0:inst4|lpm_counter:lpm_counter_component                            ; work         ;
;             |cntr_t9j:auto_generated|          ; 3 (3)             ; 3 (3)        ; 0                 ; 0            ; 0       ; 0         ; 0         ; 0    ; 0            ; |FSM|OA1:inst|lpm_counter0:inst4|lpm_counter:lpm_counter_component|cntr_t9j:auto_generated    ; work         ;
;       |lpm_latch0:inst|                        ; 4 (0)             ; 0 (0)        ; 0                 ; 0            ; 0       ; 0         ; 0         ; 0    ; 0            ; |FSM|OA1:inst|lpm_latch0:inst                                                                 ; work         ;
;          |lpm_latch:lpm_latch_component|       ; 4 (4)             ; 0 (0)        ; 0                 ; 0            ; 0       ; 0         ; 0         ; 0    ; 0            ; |FSM|OA1:inst|lpm_latch0:inst|lpm_latch:lpm_latch_component                                   ; work         ;
;       |lpm_shiftreg0:inst1|                    ; 4 (0)             ; 4 (0)        ; 0                 ; 0            ; 0       ; 0         ; 0         ; 0    ; 0            ; |FSM|OA1:inst|lpm_shiftreg0:inst1                                                             ; work         ;
;          |lpm_shiftreg:lpm_shiftreg_component| ; 4 (4)             ; 4 (4)        ; 0                 ; 0            ; 0       ; 0         ; 0         ; 0    ; 0            ; |FSM|OA1:inst|lpm_shiftreg0:inst1|lpm_shiftreg:lpm_shiftreg_component                         ; work         ;
;       |lpm_shiftreg0:inst3|                    ; 0 (0)             ; 4 (0)        ; 0                 ; 0            ; 0       ; 0         ; 0         ; 0    ; 0            ; |FSM|OA1:inst|lpm_shiftreg0:inst3                                                             ; work         ;
;          |lpm_shiftreg:lpm_shiftreg_component| ; 0 (0)             ; 4 (4)        ; 0                 ; 0            ; 0       ; 0         ; 0         ; 0    ; 0            ; |FSM|OA1:inst|lpm_shiftreg0:inst3|lpm_shiftreg:lpm_shiftreg_component                         ; work         ;
;    |UA:inst1|                                  ; 6 (4)             ; 2 (2)        ; 0                 ; 0            ; 0       ; 0         ; 0         ; 0    ; 0            ; |FSM|UA:inst1                                                                                 ;              ;
;       |lpm_decode0:inst18|                     ; 2 (0)             ; 0 (0)        ; 0                 ; 0            ; 0       ; 0         ; 0         ; 0    ; 0            ; |FSM|UA:inst1|lpm_decode0:inst18                                                              ; work         ;
;          |lpm_decode:lpm_decode_component|     ; 2 (0)             ; 0 (0)        ; 0                 ; 0            ; 0       ; 0         ; 0         ; 0    ; 0            ; |FSM|UA:inst1|lpm_decode0:inst18|lpm_decode:lpm_decode_component                              ; work         ;
;             |decode_p7f:auto_generated|        ; 2 (2)             ; 0 (0)        ; 0                 ; 0            ; 0       ; 0         ; 0         ; 0    ; 0            ; |FSM|UA:inst1|lpm_decode0:inst18|lpm_decode:lpm_decode_component|decode_p7f:auto_generated    ; work         ;
+------------------------------------------------+-------------------+--------------+-------------------+--------------+---------+-----------+-----------+------+--------------+-----------------------------------------------------------------------------------------------+--------------+
Note: For table entries with two numbers listed, the numbers in parentheses indicate the number of resources of the given type used by the specific entity alone. The numbers listed outside of parentheses indicate the total resources of the given type used by the specific entity and all of its sub-entities in the hierarchy.


+--------------------------------------------------------------------------------------------------------------------------------------------------------------------------------------------------+
; User-Specified and Inferred Latches                                                                                                                                                              ;
+-------------------------------------------------------------------+-----------------------------------------------------------------------------------------------------+------------------------+
; Latch Name                                                        ; Latch Enable Signal                                                                                 ; Free of Timing Hazards ;
+-------------------------------------------------------------------+-----------------------------------------------------------------------------------------------------+------------------------+
; OA1:inst|lpm_latch0:inst|lpm_latch:lpm_latch_component|latches[3] ; UA:inst1|lpm_decode0:inst18|lpm_decode:lpm_decode_component|decode_p7f:auto_generated|w_anode15w[2] ; yes                    ;
; OA1:inst|lpm_latch0:inst|lpm_latch:lpm_latch_component|latches[2] ; UA:inst1|lpm_decode0:inst18|lpm_decode:lpm_decode_component|decode_p7f:auto_generated|w_anode15w[2] ; yes                    ;
; OA1:inst|lpm_latch0:inst|lpm_latch:lpm_latch_component|latches[1] ; UA:inst1|lpm_decode0:inst18|lpm_decode:lpm_decode_component|decode_p7f:auto_generated|w_anode15w[2] ; yes                    ;
; OA1:inst|lpm_latch0:inst|lpm_latch:lpm_latch_component|latches[0] ; UA:inst1|lpm_decode0:inst18|lpm_decode:lpm_decode_component|decode_p7f:auto_generated|w_anode15w[2] ; yes                    ;
; Number of user-specified and inferred latches = 4                 ;                                                                                                     ;                        ;
+-------------------------------------------------------------------+-----------------------------------------------------------------------------------------------------+------------------------+
Note: All latches listed above may not be present at the end of synthesis due to various synthesis optimizations.


+------------------------------------------------------+
; General Register Statistics                          ;
+----------------------------------------------+-------+
; Statistic                                    ; Value ;
+----------------------------------------------+-------+
; Total registers                              ; 13    ;
; Number of registers using Synchronous Clear  ; 0     ;
; Number of registers using Synchronous Load   ; 7     ;
; Number of registers using Asynchronous Clear ; 0     ;
; Number of registers using Asynchronous Load  ; 0     ;
; Number of registers using Clock Enable       ; 11    ;
; Number of registers using Preset             ; 0     ;
+----------------------------------------------+-------+


+--------------------------------------------------------------------------------------+
; Source assignments for OA1:inst|lpm_counter0:inst4|lpm_counter:lpm_counter_component ;
+---------------------------+-------+------+-------------------------------------------+
; Assignment                ; Value ; From ; To                                        ;
+---------------------------+-------+------+-------------------------------------------+
; SUPPRESS_DA_RULE_INTERNAL ; a101  ; -    ; -                                         ;
; SUPPRESS_DA_RULE_INTERNAL ; s102  ; -    ; -                                         ;
; SUPPRESS_DA_RULE_INTERNAL ; s103  ; -    ; -                                         ;
+---------------------------+-------+------+-------------------------------------------+


+----------------------------------------------------------------------------------------------------------+
; Parameter Settings for User Entity Instance: UA:inst1|lpm_decode0:inst18|lpm_decode:lpm_decode_component ;
+------------------------+------------+--------------------------------------------------------------------+
; Parameter Name         ; Value      ; Type                                                               ;
+------------------------+------------+--------------------------------------------------------------------+
; LPM_WIDTH              ; 2          ; Untyped                                                            ;
; LPM_DECODES            ; 4          ; Untyped                                                            ;
; LPM_PIPELINE           ; 0          ; Untyped                                                            ;
; CASCADE_CHAIN          ; MANUAL     ; Untyped                                                            ;
; DEVICE_FAMILY          ; Stratix II ; Untyped                                                            ;
; CBXI_PARAMETER         ; decode_p7f ; Untyped                                                            ;
; AUTO_CARRY_CHAINS      ; ON         ; AUTO_CARRY                                                         ;
; IGNORE_CARRY_BUFFERS   ; OFF        ; IGNORE_CARRY                                                       ;
; AUTO_CASCADE_CHAINS    ; ON         ; AUTO_CASCADE                                                       ;
; IGNORE_CASCADE_BUFFERS ; OFF        ; IGNORE_CASCADE                                                     ;
+------------------------+------------+--------------------------------------------------------------------+
Note: In order to hide this table in the UI and the text report file, please set the "Show Parameter Settings Tables in Synthesis Report" option in "Analysis and Synthesis Settings -> More Settings" to "Off".


+------------------------------------------------------------------------------------------------------------+
; Parameter Settings for User Entity Instance: OA1:inst|lpm_counter0:inst4|lpm_counter:lpm_counter_component ;
+------------------------+-------------+---------------------------------------------------------------------+
; Parameter Name         ; Value       ; Type                                                                ;
+------------------------+-------------+---------------------------------------------------------------------+
; AUTO_CARRY_CHAINS      ; ON          ; AUTO_CARRY                                                          ;
; IGNORE_CARRY_BUFFERS   ; OFF         ; IGNORE_CARRY                                                        ;
; AUTO_CASCADE_CHAINS    ; ON          ; AUTO_CASCADE                                                        ;
; IGNORE_CASCADE_BUFFERS ; OFF         ; IGNORE_CASCADE                                                      ;
; LPM_WIDTH              ; 3           ; Untyped                                                             ;
; LPM_DIRECTION          ; UP          ; Untyped                                                             ;
; LPM_MODULUS            ; 0           ; Untyped                                                             ;
; LPM_AVALUE             ; UNUSED      ; Untyped                                                             ;
; LPM_SVALUE             ; UNUSED      ; Untyped                                                             ;
; LPM_PORT_UPDOWN        ; PORT_UNUSED ; Untyped                                                             ;
; DEVICE_FAMILY          ; Stratix II  ; Untyped                                                             ;
; CARRY_CHAIN            ; MANUAL      ; Untyped                                                             ;
; CARRY_CHAIN_LENGTH     ; 48          ; CARRY_CHAIN_LENGTH                                                  ;
; NOT_GATE_PUSH_BACK     ; ON          ; NOT_GATE_PUSH_BACK                                                  ;
; CARRY_CNT_EN           ; SMART       ; Untyped                                                             ;
; LABWIDE_SCLR           ; ON          ; Untyped                                                             ;
; USE_NEW_VERSION        ; TRUE        ; Untyped                                                             ;
; CBXI_PARAMETER         ; cntr_t9j    ; Untyped                                                             ;
+------------------------+-------------+---------------------------------------------------------------------+
Note: In order to hide this table in the UI and the text report file, please set the "Show Parameter Settings Tables in Synthesis Report" option in "Analysis and Synthesis Settings -> More Settings" to "Off".


+----------------------------------------------------------------------------------------------------------------+
; Parameter Settings for User Entity Instance: OA1:inst|lpm_constant0:inst12|lpm_constant:lpm_constant_component ;
+--------------------+------------------+------------------------------------------------------------------------+
; Parameter Name     ; Value            ; Type                                                                   ;
+--------------------+------------------+------------------------------------------------------------------------+
; LPM_WIDTH          ; 3                ; Untyped                                                                ;
; LPM_CVALUE         ; 4                ; Untyped                                                                ;
; ENABLE_RUNTIME_MOD ; NO               ; Untyped                                                                ;
; CBXI_PARAMETER     ; lpm_constant_9e6 ; Untyped                                                                ;
+--------------------+------------------+------------------------------------------------------------------------+
Note: In order to hide this table in the UI and the text report file, please set the "Show Parameter Settings Tables in Synthesis Report" option in "Analysis and Synthesis Settings -> More Settings" to "Off".


+---------------------------------------------------------------------------------------------------------------+
; Parameter Settings for User Entity Instance: OA1:inst|lpm_shiftreg0:inst3|lpm_shiftreg:lpm_shiftreg_component ;
+------------------------+------------+-------------------------------------------------------------------------+
; Parameter Name         ; Value      ; Type                                                                    ;
+------------------------+------------+-------------------------------------------------------------------------+
; LPM_WIDTH              ; 4          ; Untyped                                                                 ;
; LPM_DIRECTION          ; LEFT       ; Untyped                                                                 ;
; LPM_AVALUE             ; UNUSED     ; Untyped                                                                 ;
; LPM_SVALUE             ; UNUSED     ; Untyped                                                                 ;
; DEVICE_FAMILY          ; Stratix II ; Untyped                                                                 ;
; AUTO_CARRY_CHAINS      ; ON         ; AUTO_CARRY                                                              ;
; IGNORE_CARRY_BUFFERS   ; OFF        ; IGNORE_CARRY                                                            ;
; AUTO_CASCADE_CHAINS    ; ON         ; AUTO_CASCADE                                                            ;
; IGNORE_CASCADE_BUFFERS ; OFF        ; IGNORE_CASCADE                                                          ;
+------------------------+------------+-------------------------------------------------------------------------+
Note: In order to hide this table in the UI and the text report file, please set the "Show Parameter Settings Tables in Synthesis Report" option in "Analysis and Synthesis Settings -> More Settings" to "Off".


+------------------------------------------------------------------------------------------------------------+
; Parameter Settings for User Entity Instance: OA1:inst|lpm_add_sub0:inst2|lpm_add_sub:lpm_add_sub_component ;
+------------------------+-------------+---------------------------------------------------------------------+
; Parameter Name         ; Value       ; Type                                                                ;
+------------------------+-------------+---------------------------------------------------------------------+
; LPM_WIDTH              ; 4           ; Untyped                                                             ;
; LPM_REPRESENTATION     ; UNSIGNED    ; Untyped                                                             ;
; LPM_DIRECTION          ; ADD         ; Untyped                                                             ;
; ONE_INPUT_IS_CONSTANT  ; NO          ; Untyped                                                             ;
; LPM_PIPELINE           ; 0           ; Untyped                                                             ;
; MAXIMIZE_SPEED         ; 5           ; Untyped                                                             ;
; REGISTERED_AT_END      ; 0           ; Untyped                                                             ;
; OPTIMIZE_FOR_SPEED     ; 5           ; Untyped                                                             ;
; USE_CS_BUFFERS         ; 1           ; Untyped                                                             ;
; CARRY_CHAIN            ; MANUAL      ; Untyped                                                             ;
; CARRY_CHAIN_LENGTH     ; 48          ; CARRY_CHAIN_LENGTH                                                  ;
; DEVICE_FAMILY          ; Stratix II  ; Untyped                                                             ;
; USE_WYS                ; OFF         ; Untyped                                                             ;
; STYLE                  ; FAST        ; Untyped                                                             ;
; CBXI_PARAMETER         ; add_sub_alh ; Untyped                                                             ;
; AUTO_CARRY_CHAINS      ; ON          ; AUTO_CARRY                                                          ;
; IGNORE_CARRY_BUFFERS   ; OFF         ; IGNORE_CARRY                                                        ;
; AUTO_CASCADE_CHAINS    ; ON          ; AUTO_CASCADE                                                        ;
; IGNORE_CASCADE_BUFFERS ; OFF         ; IGNORE_CASCADE                                                      ;
+------------------------+-------------+---------------------------------------------------------------------+
Note: In order to hide this table in the UI and the text report file, please set the "Show Parameter Settings Tables in Synthesis Report" option in "Analysis and Synthesis Settings -> More Settings" to "Off".


+-----------------------------------------------------------------------------------------------------+
; Parameter Settings for User Entity Instance: OA1:inst|lpm_latch0:inst|lpm_latch:lpm_latch_component ;
+----------------+--------+---------------------------------------------------------------------------+
; Parameter Name ; Value  ; Type                                                                      ;
+----------------+--------+---------------------------------------------------------------------------+
; LPM_WIDTH      ; 4      ; Untyped                                                                   ;
; LPM_AVALUE     ; UNUSED ; Untyped                                                                   ;
+----------------+--------+---------------------------------------------------------------------------+
Note: In order to hide this table in the UI and the text report file, please set the "Show Parameter Settings Tables in Synthesis Report" option in "Analysis and Synthesis Settings -> More Settings" to "Off".


+---------------------------------------------------------------------------------------------------------------+
; Parameter Settings for User Entity Instance: OA1:inst|lpm_shiftreg0:inst1|lpm_shiftreg:lpm_shiftreg_component ;
+------------------------+------------+-------------------------------------------------------------------------+
; Parameter Name         ; Value      ; Type                                                                    ;
+------------------------+------------+-------------------------------------------------------------------------+
; LPM_WIDTH              ; 4          ; Untyped                                                                 ;
; LPM_DIRECTION          ; LEFT       ; Untyped                                                                 ;
; LPM_AVALUE             ; UNUSED     ; Untyped                                                                 ;
; LPM_SVALUE             ; UNUSED     ; Untyped                                                                 ;
; DEVICE_FAMILY          ; Stratix II ; Untyped                                                                 ;
; AUTO_CARRY_CHAINS      ; ON         ; AUTO_CARRY                                                              ;
; IGNORE_CARRY_BUFFERS   ; OFF        ; IGNORE_CARRY                                                            ;
; AUTO_CASCADE_CHAINS    ; ON         ; AUTO_CASCADE                                                            ;
; IGNORE_CASCADE_BUFFERS ; OFF        ; IGNORE_CASCADE                                                          ;
+------------------------+------------+-------------------------------------------------------------------------+
Note: In order to hide this table in the UI and the text report file, please set the "Show Parameter Settings Tables in Synthesis Report" option in "Analysis and Synthesis Settings -> More Settings" to "Off".


+-----------------------------------------------------------------------------------------------+
; lpm_shiftreg Parameter Settings by Entity Instance                                            ;
+----------------------------+------------------------------------------------------------------+
; Name                       ; Value                                                            ;
+----------------------------+------------------------------------------------------------------+
; Number of entity instances ; 2                                                                ;
; Entity Instance            ; OA1:inst|lpm_shiftreg0:inst3|lpm_shiftreg:lpm_shiftreg_component ;
;     -- LPM_WIDTH           ; 4                                                                ;
;     -- LPM_DIRECTION       ; LEFT                                                             ;
; Entity Instance            ; OA1:inst|lpm_shiftreg0:inst1|lpm_shiftreg:lpm_shiftreg_component ;
;     -- LPM_WIDTH           ; 4                                                                ;
;     -- LPM_DIRECTION       ; LEFT                                                             ;
+----------------------------+------------------------------------------------------------------+


+-------------------------------+
; Analysis & Synthesis Messages ;
+-------------------------------+
Info: *******************************************************************
Info: Running Quartus II Analysis & Synthesis
    Info: Version 9.1 Build 350 03/24/2010 Service Pack 2 SJ Web Edition
    Info: Processing started: Sun Dec 04 15:31:20 2022
Info: Command: quartus_map --read_settings_files=on --write_settings_files=off UAZHL -c UAZHL
Info: Found 1 design units, including 1 entities, in source file oa1.bdf
    Info: Found entity 1: OA1
Info: Found 1 design units, including 1 entities, in source file ua.bdf
    Info: Found entity 1: UA
Info: Found 1 design units, including 1 entities, in source file oa.bdf
    Info: Found entity 1: OA
Info: Found 1 design units, including 1 entities, in source file fsm.bdf
    Info: Found entity 1: FSM
Info: Elaborating entity "FSM" for the top level hierarchy
Info: Elaborating entity "UA" for hierarchy "UA:inst1"
Warning: No superset bus at connection
Warning: Using design file lpm_decode0.tdf, which is not specified as a design file for the current project, but contains definitions for 1 design units and 1 entities in project
    Info: Found entity 1: lpm_decode0
Info: Elaborating entity "lpm_decode0" for hierarchy "UA:inst1|lpm_decode0:inst18"
Info: Elaborating entity "lpm_decode" for hierarchy "UA:inst1|lpm_decode0:inst18|lpm_decode:lpm_decode_component"
Info: Elaborated megafunction instantiation "UA:inst1|lpm_decode0:inst18|lpm_decode:lpm_decode_component"
Info: Instantiated megafunction "UA:inst1|lpm_decode0:inst18|lpm_decode:lpm_decode_component" with the following parameter:
    Info: Parameter "LPM_TYPE" = "LPM_DECODE"
    Info: Parameter "LPM_WIDTH" = "2"
    Info: Parameter "LPM_DECODES" = "4"
Info: Found 1 design units, including 1 entities, in source file db/decode_p7f.tdf
    Info: Found entity 1: decode_p7f
Info: Elaborating entity "decode_p7f" for hierarchy "UA:inst1|lpm_decode0:inst18|lpm_decode:lpm_decode_component|decode_p7f:auto_generated"
Info: Elaborating entity "OA1" for hierarchy "OA1:inst"
Warning: Using design file lpm_counter0.tdf, which is not specified as a design file for the current project, but contains definitions for 1 design units and 1 entities in project
    Info: Found entity 1: lpm_counter0
Info: Elaborating entity "lpm_counter0" for hierarchy "OA1:inst|lpm_counter0:inst4"
Info: Elaborating entity "lpm_counter" for hierarchy "OA1:inst|lpm_counter0:inst4|lpm_counter:lpm_counter_component"
Info: Elaborated megafunction instantiation "OA1:inst|lpm_counter0:inst4|lpm_counter:lpm_counter_component"
Info: Instantiated megafunction "OA1:inst|lpm_counter0:inst4|lpm_counter:lpm_counter_component" with the following parameter:
    Info: Parameter "LPM_TYPE" = "LPM_COUNTER"
    Info: Parameter "LPM_WIDTH" = "3"
    Info: Parameter "LPM_DIRECTION" = "UP"
    Info: Parameter "LPM_PORT_UPDOWN" = "PORT_UNUSED"
Info: Found 1 design units, including 1 entities, in source file db/cntr_t9j.tdf
    Info: Found entity 1: cntr_t9j
Info: Elaborating entity "cntr_t9j" for hierarchy "OA1:inst|lpm_counter0:inst4|lpm_counter:lpm_counter_component|cntr_t9j:auto_generated"
Warning: Using design file lpm_constant0.tdf, which is not specified as a design file for the current project, but contains definitions for 1 design units and 1 entities in project
    Info: Found entity 1: lpm_constant0
Info: Elaborating entity "lpm_constant0" for hierarchy "OA1:inst|lpm_constant0:inst12"
Info: Elaborating entity "lpm_constant" for hierarchy "OA1:inst|lpm_constant0:inst12|lpm_constant:lpm_constant_component"
Info: Elaborated megafunction instantiation "OA1:inst|lpm_constant0:inst12|lpm_constant:lpm_constant_component"
Info: Instantiated megafunction "OA1:inst|lpm_constant0:inst12|lpm_constant:lpm_constant_component" with the following parameter:
    Info: Parameter "LPM_TYPE" = "LPM_CONSTANT"
    Info: Parameter "LPM_HINT" = "ENABLE_RUNTIME_MOD=NO"
    Info: Parameter "LPM_WIDTH" = "3"
    Info: Parameter "LPM_CVALUE" = "4"
Warning: Using design file lpm_shiftreg0.tdf, which is not specified as a design file for the current project, but contains definitions for 1 design units and 1 entities in project
    Info: Found entity 1: lpm_shiftreg0
Info: Elaborating entity "lpm_shiftreg0" for hierarchy "OA1:inst|lpm_shiftreg0:inst3"
Info: Elaborating entity "lpm_shiftreg" for hierarchy "OA1:inst|lpm_shiftreg0:inst3|lpm_shiftreg:lpm_shiftreg_component"
Info: Elaborated megafunction instantiation "OA1:inst|lpm_shiftreg0:inst3|lpm_shiftreg:lpm_shiftreg_component"
Info: Instantiated megafunction "OA1:inst|lpm_shiftreg0:inst3|lpm_shiftreg:lpm_shiftreg_component" with the following parameter:
    Info: Parameter "LPM_TYPE" = "LPM_SHIFTREG"
    Info: Parameter "LPM_WIDTH" = "4"
    Info: Parameter "LPM_DIRECTION" = "LEFT"
Warning: Using design file lpm_add_sub0.tdf, which is not specified as a design file for the current project, but contains definitions for 1 design units and 1 entities in project
    Info: Found entity 1: lpm_add_sub0
Info: Elaborating entity "lpm_add_sub0" for hierarchy "OA1:inst|lpm_add_sub0:inst2"
Info: Elaborating entity "lpm_add_sub" for hierarchy "OA1:inst|lpm_add_sub0:inst2|lpm_add_sub:lpm_add_sub_component"
Info: Elaborated megafunction instantiation "OA1:inst|lpm_add_sub0:inst2|lpm_add_sub:lpm_add_sub_component"
Info: Instantiated megafunction "OA1:inst|lpm_add_sub0:inst2|lpm_add_sub:lpm_add_sub_component" with the following parameter:
    Info: Parameter "LPM_TYPE" = "LPM_ADD_SUB"
    Info: Parameter "LPM_HINT" = "ONE_INPUT_IS_CONSTANT=NO,CIN_USED=NO"
    Info: Parameter "LPM_WIDTH" = "4"
    Info: Parameter "LPM_REPRESENTATION" = "UNSIGNED"
    Info: Parameter "LPM_DIRECTION" = "ADD"
Info: Found 1 design units, including 1 entities, in source file db/add_sub_alh.tdf
    Info: Found entity 1: add_sub_alh
Info: Elaborating entity "add_sub_alh" for hierarchy "OA1:inst|lpm_add_sub0:inst2|lpm_add_sub:lpm_add_sub_component|add_sub_alh:auto_generated"
Warning: Using design file lpm_latch0.tdf, which is not specified as a design file for the current project, but contains definitions for 1 design units and 1 entities in project
    Info: Found entity 1: lpm_latch0
Info: Elaborating entity "lpm_latch0" for hierarchy "OA1:inst|lpm_latch0:inst"
Info: Elaborating entity "lpm_latch" for hierarchy "OA1:inst|lpm_latch0:inst|lpm_latch:lpm_latch_component"
Info: Elaborated megafunction instantiation "OA1:inst|lpm_latch0:inst|lpm_latch:lpm_latch_component"
Info: Instantiated megafunction "OA1:inst|lpm_latch0:inst|lpm_latch:lpm_latch_component" with the following parameter:
    Info: Parameter "LPM_TYPE" = "LPM_LATCH"
    Info: Parameter "LPM_WIDTH" = "4"
Info: Elaborating entity "lpm_shiftreg0" for hierarchy "OA1:inst|lpm_shiftreg0:inst1"
Warning: Ignored assignments for entity "UAZHL" -- entity does not exist in design
    Warning: Assignment for entity set_global_assignment -name LL_ROOT_REGION ON -entity UAZHL -section_id "Root Region" was ignored
    Warning: Assignment for entity set_global_assignment -name LL_MEMBER_STATE LOCKED -entity UAZHL -section_id "Root Region" was ignored
Info: Implemented 41 device resources after synthesis - the final resource count might be different
    Info: Implemented 10 input pins
    Info: Implemented 9 output pins
    Info: Implemented 22 logic cells
Info: Quartus II Analysis & Synthesis was successful. 0 errors, 10 warnings
    Info: Peak virtual memory: 231 megabytes
    Info: Processing ended: Sun Dec 04 15:31:21 2022
    Info: Elapsed time: 00:00:01
    Info: Total CPU time (on all processors): 00:00:01


