Classic Timing Analyzer report for UAZHL
Mon Nov 28 10:23:48 2022
Quartus II Version 9.1 Build 350 03/24/2010 Service Pack 2 SJ Web Edition


---------------------
; Table of Contents ;
---------------------
  1. Legal Notice
  2. Timing Analyzer Summary
  3. Timing Analyzer Settings
  4. Clock Settings Summary
  5. Parallel Compilation
  6. Clock Setup: 'Clk'
  7. tsu
  8. tco
  9. th
 10. Timing Analyzer Messages



----------------
; Legal Notice ;
----------------
Copyright (C) 1991-2010 Altera Corporation
Your use of Altera Corporation's design tools, logic functions 
and other software and tools, and its AMPP partner logic 
functions, and any output files from any of the foregoing 
(including device programming or simulation files), and any 
associated documentation or information are expressly subject 
to the terms and conditions of the Altera Program License 
Subscription Agreement, Altera MegaCore Function License 
Agreement, or other applicable license agreement, including, 
without limitation, that your use is for the sole purpose of 
programming logic devices manufactured by Altera and sold by 
Altera or its authorized distributors.  Please refer to the 
applicable agreement for further details.



+----------------------------------------------------------------------------------------------------------------------------------------------------------------+
; Timing Analyzer Summary                                                                                                                                        ;
+------------------------------+-------+---------------+------------------------------------------------+--------+--------+------------+----------+--------------+
; Type                         ; Slack ; Required Time ; Actual Time                                    ; From   ; To     ; From Clock ; To Clock ; Failed Paths ;
+------------------------------+-------+---------------+------------------------------------------------+--------+--------+------------+----------+--------------+
; Worst-case tsu               ; N/A   ; None          ; 3.377 ns                                       ; Zero   ; inst16 ; --         ; Clk      ; 0            ;
; Worst-case tco               ; N/A   ; None          ; 7.174 ns                                       ; inst17 ; Add    ; Clk        ; --       ; 0            ;
; Worst-case th                ; N/A   ; None          ; -2.778 ns                                      ; Start  ; inst17 ; --         ; Clk      ; 0            ;
; Clock Setup: 'Clk'           ; N/A   ; None          ; Restricted to 500.00 MHz ( period = 2.000 ns ) ; inst17 ; inst17 ; Clk        ; Clk      ; 0            ;
; Total number of failed paths ;       ;               ;                                                ;        ;        ;            ;          ; 0            ;
+------------------------------+-------+---------------+------------------------------------------------+--------+--------+------------+----------+--------------+


+-----------------------------------------------------------------------------------------------------------------------------------------------------+
; Timing Analyzer Settings                                                                                                                            ;
+------------------------------------------------------------------------------------------------------+--------------------+------+----+-------------+
; Option                                                                                               ; Setting            ; From ; To ; Entity Name ;
+------------------------------------------------------------------------------------------------------+--------------------+------+----+-------------+
; Device Name                                                                                          ; EP2S15F484C3       ;      ;    ;             ;
; Timing Models                                                                                        ; Final              ;      ;    ;             ;
; Default hold multicycle                                                                              ; Same as Multicycle ;      ;    ;             ;
; Cut paths between unrelated clock domains                                                            ; On                 ;      ;    ;             ;
; Cut off read during write signal paths                                                               ; On                 ;      ;    ;             ;
; Cut off feedback from I/O pins                                                                       ; On                 ;      ;    ;             ;
; Report Combined Fast/Slow Timing                                                                     ; Off                ;      ;    ;             ;
; Ignore Clock Settings                                                                                ; Off                ;      ;    ;             ;
; Analyze latches as synchronous elements                                                              ; On                 ;      ;    ;             ;
; Enable Recovery/Removal analysis                                                                     ; Off                ;      ;    ;             ;
; Enable Clock Latency                                                                                 ; Off                ;      ;    ;             ;
; Use TimeQuest Timing Analyzer                                                                        ; Off                ;      ;    ;             ;
; Number of source nodes to report per destination node                                                ; 10                 ;      ;    ;             ;
; Number of destination nodes to report                                                                ; 10                 ;      ;    ;             ;
; Number of paths to report                                                                            ; 200                ;      ;    ;             ;
; Report Minimum Timing Checks                                                                         ; Off                ;      ;    ;             ;
; Use Fast Timing Models                                                                               ; Off                ;      ;    ;             ;
; Report IO Paths Separately                                                                           ; Off                ;      ;    ;             ;
; Perform Multicorner Analysis                                                                         ; On                 ;      ;    ;             ;
; Reports the worst-case path for each clock domain and analysis                                       ; Off                ;      ;    ;             ;
; Reports worst-case timing paths for each clock domain and analysis                                   ; Off                ;      ;    ;             ;
; Specifies the maximum number of worst-case timing paths to report for each clock domain and analysis ; 100                ;      ;    ;             ;
; Removes common clock path pessimism (CCPP) during slack computation                                  ; Off                ;      ;    ;             ;
; Output I/O Timing Endpoint                                                                           ; Near End           ;      ;    ;             ;
+------------------------------------------------------------------------------------------------------+--------------------+------+----+-------------+


+------------------------------------------------------------------------------------------------------------------------------------------------------------------------------------+
; Clock Settings Summary                                                                                                                                                             ;
+-----------------+--------------------+----------+------------------+---------------+--------------+----------+-----------------------+---------------------+--------+--------------+
; Clock Node Name ; Clock Setting Name ; Type     ; Fmax Requirement ; Early Latency ; Late Latency ; Based on ; Multiply Base Fmax by ; Divide Base Fmax by ; Offset ; Phase offset ;
+-----------------+--------------------+----------+------------------+---------------+--------------+----------+-----------------------+---------------------+--------+--------------+
; Clk             ;                    ; User Pin ; None             ; 0.000 ns      ; 0.000 ns     ; --       ; N/A                   ; N/A                 ; N/A    ;              ;
+-----------------+--------------------+----------+------------------+---------------+--------------+----------+-----------------------+---------------------+--------+--------------+


Parallel compilation was disabled, but you have multiple processors available. Enable parallel compilation to reduce compilation time.
+-------------------------------------+
; Parallel Compilation                ;
+----------------------------+--------+
; Processors                 ; Number ;
+----------------------------+--------+
; Number detected on machine ; 6      ;
; Maximum allowed            ; 1      ;
+----------------------------+--------+


+--------------------------------------------------------------------------------------------------------------------------------------------------------------------------------------+
; Clock Setup: 'Clk'                                                                                                                                                                   ;
+-------+------------------------------------------------+--------+--------+------------+----------+-----------------------------+---------------------------+-------------------------+
; Slack ; Actual fmax (period)                           ; From   ; To     ; From Clock ; To Clock ; Required Setup Relationship ; Required Longest P2P Time ; Actual Longest P2P Time ;
+-------+------------------------------------------------+--------+--------+------------+----------+-----------------------------+---------------------------+-------------------------+
; N/A   ; Restricted to 500.00 MHz ( period = 2.000 ns ) ; inst16 ; inst16 ; Clk        ; Clk      ; None                        ; None                      ; 0.488 ns                ;
; N/A   ; Restricted to 500.00 MHz ( period = 2.000 ns ) ; inst17 ; inst17 ; Clk        ; Clk      ; None                        ; None                      ; 0.488 ns                ;
; N/A   ; Restricted to 500.00 MHz ( period = 2.000 ns ) ; inst16 ; inst17 ; Clk        ; Clk      ; None                        ; None                      ; 0.444 ns                ;
; N/A   ; Restricted to 500.00 MHz ( period = 2.000 ns ) ; inst17 ; inst16 ; Clk        ; Clk      ; None                        ; None                      ; 0.443 ns                ;
+-------+------------------------------------------------+--------+--------+------------+----------+-----------------------------+---------------------------+-------------------------+


+---------------------------------------------------------------+
; tsu                                                           ;
+-------+--------------+------------+-------+--------+----------+
; Slack ; Required tsu ; Actual tsu ; From  ; To     ; To Clock ;
+-------+--------------+------------+-------+--------+----------+
; N/A   ; None         ; 3.377 ns   ; Zero  ; inst16 ; Clk      ;
; N/A   ; None         ; 3.372 ns   ; Zero  ; inst17 ; Clk      ;
; N/A   ; None         ; 3.056 ns   ; Bn    ; inst17 ; Clk      ;
; N/A   ; None         ; 3.017 ns   ; Start ; inst17 ; Clk      ;
+-------+--------------+------------+-------+--------+----------+


+------------------------------------------------------------------+
; tco                                                              ;
+-------+--------------+------------+--------+--------+------------+
; Slack ; Required tco ; Actual tco ; From   ; To     ; From Clock ;
+-------+--------------+------------+--------+--------+------------+
; N/A   ; None         ; 7.174 ns   ; inst17 ; Add    ; Clk        ;
; N/A   ; None         ; 7.151 ns   ; inst16 ; Add    ; Clk        ;
; N/A   ; None         ; 7.043 ns   ; inst17 ; ShiftR ; Clk        ;
; N/A   ; None         ; 7.020 ns   ; inst16 ; ShiftR ; Clk        ;
; N/A   ; None         ; 6.968 ns   ; inst16 ; Done   ; Clk        ;
; N/A   ; None         ; 6.870 ns   ; inst17 ; Load   ; Clk        ;
; N/A   ; None         ; 6.748 ns   ; inst17 ; Done   ; Clk        ;
; N/A   ; None         ; 6.486 ns   ; inst16 ; Load   ; Clk        ;
+-------+--------------+------------+--------+--------+------------+


+---------------------------------------------------------------------+
; th                                                                  ;
+---------------+-------------+-----------+-------+--------+----------+
; Minimum Slack ; Required th ; Actual th ; From  ; To     ; To Clock ;
+---------------+-------------+-----------+-------+--------+----------+
; N/A           ; None        ; -2.778 ns ; Start ; inst17 ; Clk      ;
; N/A           ; None        ; -2.817 ns ; Bn    ; inst17 ; Clk      ;
; N/A           ; None        ; -3.133 ns ; Zero  ; inst17 ; Clk      ;
; N/A           ; None        ; -3.138 ns ; Zero  ; inst16 ; Clk      ;
+---------------+-------------+-----------+-------+--------+----------+


+--------------------------+
; Timing Analyzer Messages ;
+--------------------------+
Info: *******************************************************************
Info: Running Quartus II Classic Timing Analyzer
    Info: Version 9.1 Build 350 03/24/2010 Service Pack 2 SJ Web Edition
    Info: Processing started: Mon Nov 28 10:23:48 2022
Info: Command: quartus_tan --read_settings_files=off --write_settings_files=off UAZHL -c UAZHL --timing_analysis_only
Warning: Found pins functioning as undefined clocks and/or memory enables
    Info: Assuming node "Clk" is an undefined clock
Info: Clock "Clk" Internal fmax is restricted to 500.0 MHz between source register "inst16" and destination register "inst16"
    Info: fmax restricted to clock pin edge rate 2.0 ns. Expand message to see actual delay path.
        Info: + Longest register to register delay is 0.488 ns
            Info: 1: + IC(0.000 ns) + CELL(0.000 ns) = 0.000 ns; Loc. = LCFF_X17_Y10_N1; Fanout = 6; REG Node = 'inst16'
            Info: 2: + IC(0.000 ns) + CELL(0.333 ns) = 0.333 ns; Loc. = LCCOMB_X17_Y10_N0; Fanout = 1; COMB Node = 'inst14'
            Info: 3: + IC(0.000 ns) + CELL(0.155 ns) = 0.488 ns; Loc. = LCFF_X17_Y10_N1; Fanout = 6; REG Node = 'inst16'
            Info: Total cell delay = 0.488 ns ( 100.00 % )
        Info: - Smallest clock skew is 0.000 ns
            Info: + Shortest clock path from clock "Clk" to destination register is 2.465 ns
                Info: 1: + IC(0.000 ns) + CELL(0.854 ns) = 0.854 ns; Loc. = PIN_N20; Fanout = 1; CLK Node = 'Clk'
                Info: 2: + IC(0.343 ns) + CELL(0.000 ns) = 1.197 ns; Loc. = CLKCTRL_G3; Fanout = 2; COMB Node = 'Clk~clkctrl'
                Info: 3: + IC(0.650 ns) + CELL(0.618 ns) = 2.465 ns; Loc. = LCFF_X17_Y10_N1; Fanout = 6; REG Node = 'inst16'
                Info: Total cell delay = 1.472 ns ( 59.72 % )
                Info: Total interconnect delay = 0.993 ns ( 40.28 % )
            Info: - Longest clock path from clock "Clk" to source register is 2.465 ns
                Info: 1: + IC(0.000 ns) + CELL(0.854 ns) = 0.854 ns; Loc. = PIN_N20; Fanout = 1; CLK Node = 'Clk'
                Info: 2: + IC(0.343 ns) + CELL(0.000 ns) = 1.197 ns; Loc. = CLKCTRL_G3; Fanout = 2; COMB Node = 'Clk~clkctrl'
                Info: 3: + IC(0.650 ns) + CELL(0.618 ns) = 2.465 ns; Loc. = LCFF_X17_Y10_N1; Fanout = 6; REG Node = 'inst16'
                Info: Total cell delay = 1.472 ns ( 59.72 % )
                Info: Total interconnect delay = 0.993 ns ( 40.28 % )
        Info: + Micro clock to output delay of source is 0.094 ns
        Info: + Micro setup delay of destination is 0.090 ns
Info: tsu for register "inst16" (data pin = "Zero", clock pin = "Clk") is 3.377 ns
    Info: + Longest pin to register delay is 5.752 ns
        Info: 1: + IC(0.000 ns) + CELL(0.837 ns) = 0.837 ns; Loc. = PIN_Y14; Fanout = 2; PIN Node = 'Zero'
        Info: 2: + IC(4.532 ns) + CELL(0.228 ns) = 5.597 ns; Loc. = LCCOMB_X17_Y10_N0; Fanout = 1; COMB Node = 'inst14'
        Info: 3: + IC(0.000 ns) + CELL(0.155 ns) = 5.752 ns; Loc. = LCFF_X17_Y10_N1; Fanout = 6; REG Node = 'inst16'
        Info: Total cell delay = 1.220 ns ( 21.21 % )
        Info: Total interconnect delay = 4.532 ns ( 78.79 % )
    Info: + Micro setup delay of destination is 0.090 ns
    Info: - Shortest clock path from clock "Clk" to destination register is 2.465 ns
        Info: 1: + IC(0.000 ns) + CELL(0.854 ns) = 0.854 ns; Loc. = PIN_N20; Fanout = 1; CLK Node = 'Clk'
        Info: 2: + IC(0.343 ns) + CELL(0.000 ns) = 1.197 ns; Loc. = CLKCTRL_G3; Fanout = 2; COMB Node = 'Clk~clkctrl'
        Info: 3: + IC(0.650 ns) + CELL(0.618 ns) = 2.465 ns; Loc. = LCFF_X17_Y10_N1; Fanout = 6; REG Node = 'inst16'
        Info: Total cell delay = 1.472 ns ( 59.72 % )
        Info: Total interconnect delay = 0.993 ns ( 40.28 % )
Info: tco from clock "Clk" to destination pin "Add" through register "inst17" is 7.174 ns
    Info: + Longest clock path from clock "Clk" to source register is 2.465 ns
        Info: 1: + IC(0.000 ns) + CELL(0.854 ns) = 0.854 ns; Loc. = PIN_N20; Fanout = 1; CLK Node = 'Clk'
        Info: 2: + IC(0.343 ns) + CELL(0.000 ns) = 1.197 ns; Loc. = CLKCTRL_G3; Fanout = 2; COMB Node = 'Clk~clkctrl'
        Info: 3: + IC(0.650 ns) + CELL(0.618 ns) = 2.465 ns; Loc. = LCFF_X17_Y10_N21; Fanout = 6; REG Node = 'inst17'
        Info: Total cell delay = 1.472 ns ( 59.72 % )
        Info: Total interconnect delay = 0.993 ns ( 40.28 % )
    Info: + Micro clock to output delay of source is 0.094 ns
    Info: + Longest register to pin delay is 4.615 ns
        Info: 1: + IC(0.000 ns) + CELL(0.000 ns) = 0.000 ns; Loc. = LCFF_X17_Y10_N21; Fanout = 6; REG Node = 'inst17'
        Info: 2: + IC(0.283 ns) + CELL(0.366 ns) = 0.649 ns; Loc. = LCCOMB_X17_Y10_N24; Fanout = 1; COMB Node = 'lpm_decode0:inst18|lpm_decode:lpm_decode_component|decode_p7f:auto_generated|w_anode15w[2]~1'
        Info: 3: + IC(2.024 ns) + CELL(1.942 ns) = 4.615 ns; Loc. = PIN_F14; Fanout = 0; PIN Node = 'Add'
        Info: Total cell delay = 2.308 ns ( 50.01 % )
        Info: Total interconnect delay = 2.307 ns ( 49.99 % )
Info: th for register "inst17" (data pin = "Start", clock pin = "Clk") is -2.778 ns
    Info: + Longest clock path from clock "Clk" to destination register is 2.465 ns
        Info: 1: + IC(0.000 ns) + CELL(0.854 ns) = 0.854 ns; Loc. = PIN_N20; Fanout = 1; CLK Node = 'Clk'
        Info: 2: + IC(0.343 ns) + CELL(0.000 ns) = 1.197 ns; Loc. = CLKCTRL_G3; Fanout = 2; COMB Node = 'Clk~clkctrl'
        Info: 3: + IC(0.650 ns) + CELL(0.618 ns) = 2.465 ns; Loc. = LCFF_X17_Y10_N21; Fanout = 6; REG Node = 'inst17'
        Info: Total cell delay = 1.472 ns ( 59.72 % )
        Info: Total interconnect delay = 0.993 ns ( 40.28 % )
    Info: + Micro hold delay of destination is 0.149 ns
    Info: - Shortest pin to register delay is 5.392 ns
        Info: 1: + IC(0.000 ns) + CELL(0.790 ns) = 0.790 ns; Loc. = PIN_P17; Fanout = 1; PIN Node = 'Start'
        Info: 2: + IC(4.101 ns) + CELL(0.346 ns) = 5.237 ns; Loc. = LCCOMB_X17_Y10_N20; Fanout = 1; COMB Node = 'inst15~0'
        Info: 3: + IC(0.000 ns) + CELL(0.155 ns) = 5.392 ns; Loc. = LCFF_X17_Y10_N21; Fanout = 6; REG Node = 'inst17'
        Info: Total cell delay = 1.291 ns ( 23.94 % )
        Info: Total interconnect delay = 4.101 ns ( 76.06 % )
Info: Quartus II Classic Timing Analyzer was successful. 0 errors, 1 warning
    Info: Peak virtual memory: 172 megabytes
    Info: Processing ended: Mon Nov 28 10:23:48 2022
    Info: Elapsed time: 00:00:00
    Info: Total CPU time (on all processors): 00:00:00


